<?xml version="1.0" encoding="UTF-8"?>
<testsuite name="com.delta.ingestion.controller.IngestionControllerTest" tests="1" skipped="0" failures="0" errors="0" timestamp="2026-02-08T15:00:28" hostname="DESKTOP-APPD9KR" time="2.287">
  <properties/>
  <testcase name="shouldIngestCustomers()" classname="com.delta.ingestion.controller.IngestionControllerTest" time="2.287"/>
  <system-out><![CDATA[20:30:13.013 [Test worker] INFO org.springframework.test.context.support.AnnotationConfigContextLoaderUtils -- Could not detect default configuration classes for test class [com.delta.ingestion.controller.IngestionControllerTest]: IngestionControllerTest does not declare any static, non-private, non-final, nested classes annotated with @Configuration.
20:30:13.573 [Test worker] INFO org.springframework.boot.test.context.SpringBootTestContextBootstrapper -- Found @SpringBootConfiguration com.delta.ingestion.DeltaIngestionApplication for test class com.delta.ingestion.controller.IngestionControllerTest

  .   ____          _            __ _ _
 /\\ / ___'_ __ _ _(_)_ __  __ _ \ \ \ \
( ( )\___ | '_ | '_| | '_ \/ _` | \ \ \ \
 \\/  ___)| |_)| | | | | || (_| |  ) ) ) )
  '  |____| .__|_| |_|_| |_\__, | / / / /
 =========|_|==============|___/=/_/_/_/
 :: Spring Boot ::                (v3.2.2)

2026-02-08T20:30:15.014+05:30  INFO 1084 --- [    Test worker] c.d.i.c.IngestionControllerTest          : Starting IngestionControllerTest using Java 21.0.8 with PID 1084 (started by vijay in C:\Users\vijay\Documents\Assignment\delta-ingestion-service)
2026-02-08T20:30:15.019+05:30  INFO 1084 --- [    Test worker] c.d.i.c.IngestionControllerTest          : No active profile set, falling back to 1 default profile: "default"
2026-02-08T20:30:18.018+05:30  INFO 1084 --- [    Test worker] .s.d.r.c.RepositoryConfigurationDelegate : Bootstrapping Spring Data JPA repositories in DEFAULT mode.
2026-02-08T20:30:18.226+05:30  INFO 1084 --- [    Test worker] .s.d.r.c.RepositoryConfigurationDelegate : Finished Spring Data repository scanning in 168 ms. Found 3 JPA repository interfaces.
2026-02-08T20:30:20.187+05:30  INFO 1084 --- [    Test worker] com.zaxxer.hikari.HikariDataSource       : HikariPool-1 - Starting...
2026-02-08T20:30:20.696+05:30  INFO 1084 --- [    Test worker] com.zaxxer.hikari.pool.HikariPool        : HikariPool-1 - Added connection org.postgresql.jdbc.PgConnection@12567179
2026-02-08T20:30:20.701+05:30  INFO 1084 --- [    Test worker] com.zaxxer.hikari.HikariDataSource       : HikariPool-1 - Start completed.
2026-02-08T20:30:20.799+05:30  INFO 1084 --- [    Test worker] org.flywaydb.core.FlywayExecutor         : Database: jdbc:postgresql://localhost:5432/assignment_db (PostgreSQL 18.1)
2026-02-08T20:30:20.824+05:30  WARN 1084 --- [    Test worker] o.f.c.internal.database.base.Database    : Flyway upgrade recommended: PostgreSQL 18.1 is newer than this version of Flyway and support has not been tested. The latest supported version of PostgreSQL is 16.
2026-02-08T20:30:20.950+05:30  INFO 1084 --- [    Test worker] o.f.core.internal.command.DbValidate     : Successfully validated 3 migrations (execution time 00:00.096s)
2026-02-08T20:30:20.981+05:30  INFO 1084 --- [    Test worker] o.f.core.internal.command.DbMigrate      : Current version of schema "public": 3
2026-02-08T20:30:20.987+05:30  INFO 1084 --- [    Test worker] o.f.core.internal.command.DbMigrate      : Schema "public" is up to date. No migration necessary.
2026-02-08T20:30:21.312+05:30  INFO 1084 --- [    Test worker] o.hibernate.jpa.internal.util.LogHelper  : HHH000204: Processing PersistenceUnitInfo [name: default]
2026-02-08T20:30:21.562+05:30  INFO 1084 --- [    Test worker] org.hibernate.Version                    : HHH000412: Hibernate ORM core version 6.4.1.Final
2026-02-08T20:30:21.633+05:30  INFO 1084 --- [    Test worker] o.h.c.internal.RegionFactoryInitiator    : HHH000026: Second-level cache disabled
2026-02-08T20:30:22.317+05:30  INFO 1084 --- [    Test worker] o.s.o.j.p.SpringPersistenceUnitInfo      : No LoadTimeWeaver setup: ignoring JPA class transformer
2026-02-08T20:30:24.213+05:30  INFO 1084 --- [    Test worker] o.h.e.t.j.p.i.JtaPlatformInitiator       : HHH000489: No JTA platform available (set 'hibernate.transaction.jta.platform' to enable JTA platform integration)
2026-02-08T20:30:24.300+05:30  INFO 1084 --- [    Test worker] j.LocalContainerEntityManagerFactoryBean : Initialized JPA EntityManagerFactory for persistence unit 'default'
2026-02-08T20:30:25.283+05:30  INFO 1084 --- [    Test worker] o.s.d.j.r.query.QueryEnhancerFactory     : Hibernate is in classpath; If applicable, HQL parser will be used.
2026-02-08T20:30:27.774+05:30  WARN 1084 --- [    Test worker] JpaBaseConfiguration$JpaWebConfiguration : spring.jpa.open-in-view is enabled by default. Therefore, database queries may be performed during view rendering. Explicitly configure spring.jpa.open-in-view to disable this warning
2026-02-08T20:30:28.868+05:30  INFO 1084 --- [    Test worker] o.s.b.t.m.w.SpringBootMockServletContext : Initializing Spring TestDispatcherServlet ''
2026-02-08T20:30:28.869+05:30  INFO 1084 --- [    Test worker] o.s.t.web.servlet.TestDispatcherServlet  : Initializing Servlet ''
2026-02-08T20:30:28.873+05:30  INFO 1084 --- [    Test worker] o.s.t.web.servlet.TestDispatcherServlet  : Completed initialization in 4 ms
2026-02-08T20:30:28.920+05:30  INFO 1084 --- [    Test worker] c.d.i.c.IngestionControllerTest          : Started IngestionControllerTest in 14.845 seconds (process running for 18.947)
Hibernate: 
    select
        ce1_0.external_id 
    from
        customers ce1_0 
    where
        ce1_0.external_id in (?)
Hibernate: 
    select
        ce1_0.id,
        ce1_0.code,
        ce1_0.name 
    from
        countries ce1_0 
    where
        upper(ce1_0.code)=upper(?)
Hibernate: 
    select
        cse1_0.id,
        cse1_0.code,
        cse1_0.name 
    from
        customer_status cse1_0 
    where
        upper(cse1_0.code)=upper(?)
Hibernate: 
    insert 
    into
        customers
        (country_id, created_at, email, external_id, name, status_id) 
    values
        (?, ?, ?, ?, ?, ?)
]]></system-out>
  <system-err><![CDATA[WARNING: A Java agent has been loaded dynamically (C:\Users\vijay\.gradle\caches\modules-2\files-2.1\net.bytebuddy\byte-buddy-agent\1.14.11\f9cb566608fbac6bc7bf54901a7aa11543a989ee\byte-buddy-agent-1.14.11.jar)
WARNING: If a serviceability tool is in use, please run with -XX:+EnableDynamicAgentLoading to hide this warning
WARNING: If a serviceability tool is not in use, please run with -Djdk.instrument.traceUsage for more information
WARNING: Dynamic loading of agents will be disallowed by default in a future release
]]></system-err>
</testsuite>
