<?xml version="1.0" encoding="UTF-8"?>
<testsuite name="com.delta.ingestion.service.IngestionServiceTest" tests="1" skipped="0" failures="0" errors="0" timestamp="2026-02-08T15:57:00" hostname="DESKTOP-APPD9KR" time="0.294">
  <properties/>
  <testcase name="shouldInsertOnlyDelta()" classname="com.delta.ingestion.service.IngestionServiceTest" time="0.294"/>
  <system-out><![CDATA[2026-02-08T21:26:56.834+05:30  INFO 12904 --- [    Test worker] t.c.s.AnnotationConfigContextLoaderUtils : Could not detect default configuration classes for test class [com.delta.ingestion.service.IngestionServiceTest]: IngestionServiceTest does not declare any static, non-private, non-final, nested classes annotated with @Configuration.
2026-02-08T21:26:56.909+05:30  INFO 12904 --- [    Test worker] .b.t.c.SpringBootTestContextBootstrapper : Found @SpringBootConfiguration com.delta.ingestion.DeltaIngestionApplication for test class com.delta.ingestion.service.IngestionServiceTest

  .   ____          _            __ _ _
 /\\ / ___'_ __ _ _(_)_ __  __ _ \ \ \ \
( ( )\___ | '_ | '_| | '_ \/ _` | \ \ \ \
 \\/  ___)| |_)| | | | | || (_| |  ) ) ) )
  '  |____| .__|_| |_|_| |_\__, | / / / /
 =========|_|==============|___/=/_/_/_/
 :: Spring Boot ::                (v3.2.2)

2026-02-08T21:26:57.164+05:30  INFO 12904 --- [    Test worker] c.d.i.service.IngestionServiceTest       : Starting IngestionServiceTest using Java 21.0.8 with PID 12904 (started by vijay in C:\Users\vijay\Documents\Assignment\delta-ingestion-service)
2026-02-08T21:26:57.167+05:30  INFO 12904 --- [    Test worker] c.d.i.service.IngestionServiceTest       : No active profile set, falling back to 1 default profile: "default"
2026-02-08T21:26:57.863+05:30  INFO 12904 --- [    Test worker] .s.d.r.c.RepositoryConfigurationDelegate : Bootstrapping Spring Data JPA repositories in DEFAULT mode.
2026-02-08T21:26:57.927+05:30  INFO 12904 --- [    Test worker] .s.d.r.c.RepositoryConfigurationDelegate : Finished Spring Data repository scanning in 62 ms. Found 3 JPA repository interfaces.
2026-02-08T21:26:58.879+05:30  INFO 12904 --- [    Test worker] com.zaxxer.hikari.HikariDataSource       : HikariPool-3 - Starting...
2026-02-08T21:26:59.035+05:30  INFO 12904 --- [    Test worker] com.zaxxer.hikari.pool.HikariPool        : HikariPool-3 - Added connection org.postgresql.jdbc.PgConnection@49f8b57d
2026-02-08T21:26:59.035+05:30  INFO 12904 --- [    Test worker] com.zaxxer.hikari.HikariDataSource       : HikariPool-3 - Start completed.
2026-02-08T21:26:59.039+05:30  INFO 12904 --- [    Test worker] org.flywaydb.core.FlywayExecutor         : Database: jdbc:postgresql://localhost:5432/assignment_db (PostgreSQL 18.1)
2026-02-08T21:26:59.044+05:30  WARN 12904 --- [    Test worker] o.f.c.internal.database.base.Database    : Flyway upgrade recommended: PostgreSQL 18.1 is newer than this version of Flyway and support has not been tested. The latest supported version of PostgreSQL is 16.
2026-02-08T21:26:59.073+05:30  INFO 12904 --- [    Test worker] o.f.core.internal.command.DbValidate     : Successfully validated 3 migrations (execution time 00:00.021s)
2026-02-08T21:26:59.202+05:30  INFO 12904 --- [    Test worker] o.f.core.internal.command.DbMigrate      : Current version of schema "public": 3
2026-02-08T21:26:59.203+05:30  INFO 12904 --- [    Test worker] o.f.core.internal.command.DbMigrate      : Schema "public" is up to date. No migration necessary.
2026-02-08T21:26:59.276+05:30  INFO 12904 --- [    Test worker] o.hibernate.jpa.internal.util.LogHelper  : HHH000204: Processing PersistenceUnitInfo [name: default]
2026-02-08T21:26:59.286+05:30  INFO 12904 --- [    Test worker] o.h.c.internal.RegionFactoryInitiator    : HHH000026: Second-level cache disabled
2026-02-08T21:26:59.303+05:30  INFO 12904 --- [    Test worker] o.s.o.j.p.SpringPersistenceUnitInfo      : No LoadTimeWeaver setup: ignoring JPA class transformer
2026-02-08T21:26:59.591+05:30  INFO 12904 --- [    Test worker] o.h.e.t.j.p.i.JtaPlatformInitiator       : HHH000489: No JTA platform available (set 'hibernate.transaction.jta.platform' to enable JTA platform integration)
2026-02-08T21:26:59.628+05:30  INFO 12904 --- [    Test worker] j.LocalContainerEntityManagerFactoryBean : Initialized JPA EntityManagerFactory for persistence unit 'default'
2026-02-08T21:26:59.856+05:30  WARN 12904 --- [    Test worker] JpaBaseConfiguration$JpaWebConfiguration : spring.jpa.open-in-view is enabled by default. Therefore, database queries may be performed during view rendering. Explicitly configure spring.jpa.open-in-view to disable this warning
2026-02-08T21:27:00.089+05:30  INFO 12904 --- [    Test worker] c.d.i.service.IngestionServiceTest       : Started IngestionServiceTest in 3.133 seconds (process running for 47.1)
Hibernate: 
    select
        ce1_0.external_id 
    from
        customers ce1_0 
    where
        ce1_0.external_id in (?, ?)
Hibernate: 
    select
        ce1_0.id,
        ce1_0.code,
        ce1_0.name 
    from
        countries ce1_0 
    where
        upper(ce1_0.code)=upper(?)
Hibernate: 
    select
        cse1_0.id,
        cse1_0.code,
        cse1_0.name 
    from
        customer_status cse1_0 
    where
        upper(cse1_0.code)=upper(?)
Hibernate: 
    select
        ce1_0.id,
        ce1_0.code,
        ce1_0.name 
    from
        countries ce1_0 
    where
        upper(ce1_0.code)=upper(?)
Hibernate: 
    select
        cse1_0.id,
        cse1_0.code,
        cse1_0.name 
    from
        customer_status cse1_0 
    where
        upper(cse1_0.code)=upper(?)
Hibernate: 
    insert 
    into
        customers
        (country_id, created_at, email, external_id, name, status_id) 
    values
        (?, ?, ?, ?, ?, ?)
Hibernate: 
    insert 
    into
        customers
        (country_id, created_at, email, external_id, name, status_id) 
    values
        (?, ?, ?, ?, ?, ?)
Hibernate: 
    select
        ce1_0.external_id 
    from
        customers ce1_0 
    where
        ce1_0.external_id in (?, ?)
]]></system-out>
  <system-err><![CDATA[]]></system-err>
</testsuite>
